<<<<<<< HEAD
Script started on Tue Mar 29 23:46:29 2022
[1m[7m%[27m[1m[0m                                                                                                                                                                                     [0m[27m[24m[Jyunhao.jiang@Yunhaos-MacBook-Pro Project2_BU_red % [K[?2004hggit status[?2004l
On branch DataWrangler
Your branch is up to date with 'origin/DataWrangler'.
=======
Script started on 2022-03-31 20:02:11+00:00 [TERM="xterm" TTY="/dev/pts/0" COLUMNS="211" LINES="60"]
]0;javid2@cs400vm: ~/Project2_BU_redjavid2@cs400vm:~/Project2_BU_red$ git status
On branch FrontendDeveloper
Your branch is ahead of 'origin/FrontendDeveloper' by 2 commits.
  (use "git push" to publish your local commits)
>>>>>>> FrontendDeveloper

Untracked files:
  (use "git add <file>..." to include in what will be committed)
	[31mlog[m

nothing added to commit but untracked files present (use "git add" to track)
<<<<<<< HEAD
[1m[7m%[27m[1m[0m                                                                                                                                                                                     [0m[27m[24m[Jyunhao.jiang@Yunhaos-MacBook-Pro Project2_BU_red % [K[?2004hgggit l   g git log -1[?2004l
[?1h=[33mcommit f950b2e1679dc089a68a7fbe7e41c964dba37288[m[33m ([m[1;36mHEAD -> [m[1;32mDataWrangler[m[33m, [m[1;31morigin/DataWrangler[m[33m)[m[m
Author: Yunhao Jiang <jiang297@wisc.edu>[m
Date:   Tue Mar 29 23:44:17 2022 -0500[m
[m
    implement Makefile and DataWranglerTests[m
[K[?1l>[1m[7m%[27m[1m[0m                                                                                                                                                                                     [0m[27m[24m[Jyunhao.jiang@Yunhaos-MacBook-Pro Project2_BU_red % [K[?2004hmmake clean[?2004l
rm *.class
rm: *.class: No such file or directory
make: *** [clean] Error 1
[1m[7m%[27m[1m[0m                                                                                                                                                                                     [0m[27m[24m[Jyunhao.jiang@Yunhaos-MacBook-Pro Project2_BU_red % [K[?2004hmmake runTests[?2004l
javac -cp .:junit5.jar DataWranglerTests.java
java -jar junit5.jar -cp . --scan-class-path -n DataWranglerTests
=======
]0;javid2@cs400vm: ~/Project2_BU_redjavid2@cs400vm:~/Project2_BU_red$ git log -1
[?1h=[33mcommit 900255468771b1d6cbc01ae9dd00628d4f06ba3e[m[33m ([m[1;36mHEAD -> [m[1;32mFrontendDeveloper[m[33m)[m[m
Author: Mojtaba Javid <javid2@wics.edu>[m
Date:   Thu Mar 31 20:01:44 2022 +0000[m
[m
    everything ready to go[m
[K[?1l>]0;javid2@cs400vm: ~/Project2_BU_redjavid2@cs400vm:~/Project2_BU_red$ make clean
rm *.class
rm: cannot remove '*.class': No such file or directory
make: *** [Makefile:9: clean] Error 1
]0;javid2@cs400vm: ~/Project2_BU_redjavid2@cs400vm:~/Project2_BU_red$ make clean
rm *.class
rm: cannot remove '*.class': No such file or directory
make: *** [Makefile:9: clean] Error 1
]0;javid2@cs400vm: ~/Project2_BU_redjavid2@cs400vm:~/Project2_BU_red$ make clean
rm *.class
rm: cannot remove '*.class': No such file or directory
make: *** [Makefile:9: clean] Error 1
]0;javid2@cs400vm: ~/Project2_BU_redjavid2@cs400vm:~/Project2_BU_red$ ls
EnglishDictionaryFrontend.java     FDPHWord.java                   IEnglishDictionaryFrontend.java  IWordSearcherTree.java          TextUITester.java
EnglishDictionaryFrontend.java~    FEDtests.java                   IWord.java                       Makefile                        [0m[01;31mjunit5.jar[0m
FDPHEnglishDictionaryBackend.java  IEnglishDictionaryBackend.java  IWordLoader.java                 SortedCollectionInterface.java  log
]0;javid2@cs400vm: ~/Project2_BU_redjavid2@cs400vm:~/Project2_BU_red$ make runTests
javac -cp .:junit5.jar FEDtests.java -Xlint
java -jar junit5.jar --class-path . --scan-classpath -n FEDtests
>>>>>>> FrontendDeveloper

Thanks for using JUnit! Support its development at https://junit.org/sponsoring

[36mâ•·[0m
[36mâ”œâ”€[0m [36mJUnit Jupiter[0m [32mâœ”[0m
<<<<<<< HEAD
[36mâ”‚  â””â”€[0m [36mDataWranglerTests[0m [32mâœ”[0m
=======
[36mâ”‚  â””â”€[0m [36mFEDtests[0m [32mâœ”[0m
>>>>>>> FrontendDeveloper
[36mâ”‚     â”œâ”€[0m [34mtest1()[0m [32mâœ”[0m
[36mâ”‚     â”œâ”€[0m [34mtest2()[0m [32mâœ”[0m
[36mâ”‚     â”œâ”€[0m [34mtest3()[0m [32mâœ”[0m
[36mâ”‚     â”œâ”€[0m [34mtest4()[0m [32mâœ”[0m
<<<<<<< HEAD
[36mâ”‚     â””â”€[0m [34mtest5()[0m [32mâœ”[0m
[36mâ””â”€[0m [36mJUnit Vintage[0m [32mâœ”[0m

Test run finished after 209 ms
=======
[36mâ”‚     â”œâ”€[0m [34mtest5()[0m [32mâœ”[0m
[36mâ”‚     â””â”€[0m [34mtest6()[0m [32mâœ”[0m
[36mâ””â”€[0m [36mJUnit Vintage[0m [32mâœ”[0m

Test run finished after 414 ms
>>>>>>> FrontendDeveloper
[         3 containers found      ]
[         0 containers skipped    ]
[         3 containers started    ]
[         0 containers aborted    ]
[         3 containers successful ]
[         0 containers failed     ]
<<<<<<< HEAD
[         5 tests found           ]
[         0 tests skipped         ]
[         5 tests started         ]
[         0 tests aborted         ]
[         5 tests successful      ]
[         0 tests failed          ]

[1m[7m%[27m[1m[0m                                                                                                                                                                                     [0m[27m[24m[Jyunhao.jiang@Yunhaos-MacBook-Pro Project2_BU_red % [K[?2004heexit[?2004l

Script done on Tue Mar 29 23:47:08 2022
=======
[         6 tests found           ]
[         0 tests skipped         ]
[         6 tests started         ]
[         0 tests aborted         ]
[         6 tests successful      ]
[         0 tests failed          ]

]0;javid2@cs400vm: ~/Project2_BU_redjavid2@cs400vm:~/Project2_BU_red$ exit
exit

Script done on 2022-03-31 20:03:52+00:00 [COMMAND_EXIT_CODE="0"]
>>>>>>> FrontendDeveloper
